--------------------------------------------------------------------------------
[Jan 06, 2022, 8:54:47.5 AM:ERROR:bundle.cc(448)] Failed to delete creative ad notifications state
[Jan 06, 2022, 8:54:47.5 AM:ERROR:bundle.cc(460)] Failed to delete creative inline content ads state
[Jan 06, 2022, 8:54:47.5 AM:ERROR:bundle.cc(472)] Failed to delete creative new tab page ads state
[Jan 06, 2022, 8:54:47.5 AM:ERROR:bundle.cc(484)] Failed to delete creative promoted content ads state
[Jan 06, 2022, 8:54:47.5 AM:ERROR:bundle.cc(496)] Failed to delete campaigns state
[Jan 06, 2022, 8:54:47.5 AM:ERROR:bundle.cc(508)] Failed to delete segments state
[Jan 06, 2022, 8:54:47.5 AM:ERROR:bundle.cc(520)] Failed to delete creative ads state
[Jan 06, 2022, 8:54:47.5 AM:ERROR:bundle.cc(532)] Failed to delete dayparts state
[Jan 06, 2022, 8:54:47.5 AM:ERROR:bundle.cc(544)] Failed to delete geo targets state
[Jan 06, 2022, 8:54:47.5 AM:ERROR:bundle.cc(558)] Failed to save creative ad notifications state
[Jan 06, 2022, 8:54:47.5 AM:ERROR:bundle.cc(572)] Failed to save creative inline content ads state
[Jan 06, 2022, 8:54:47.5 AM:ERROR:bundle.cc(586)] Failed to save creative new tab page ads state
[Jan 06, 2022, 8:54:47.5 AM:ERROR:bundle.cc(612)] Failed to purge expired conversions
[Jan 06, 2022, 8:54:47.5 AM:ERROR:bundle.cc(624)] Failed to save conversions state
--------------------------------------------------------------------------------
[Jan 06, 2022, 9:04:51.4 AM:ERROR:creative_new_tab_page_ads_database_table.cc(523)] Failed to get creative new tab page ad
[Jan 06, 2022, 9:05:05.0 AM:ERROR:publisher.cc(774)] Publisher info not found
[Jan 06, 2022, 9:05:05.0 AM:ERROR:publisher.cc(774)] Publisher info not found
[Jan 06, 2022, 9:16:43.3 AM:ERROR:publisher.cc(774)] Publisher info not found
[Jan 06, 2022, 9:16:43.3 AM:ERROR:publisher.cc(774)] Publisher info not found
--------------------------------------------------------------------------------
[Jan 06, 2022, 10:55:40.8 AM:ERROR:publisher.cc(774)] Publisher info not found
[Jan 06, 2022, 10:55:40.8 AM:ERROR:publisher.cc(774)] Publisher info not found
[Jan 06, 2022, 11:00:06.1 AM:ERROR:publisher.cc(774)] Publisher info not found
[Jan 06, 2022, 11:00:06.1 AM:ERROR:publisher.cc(774)] Publisher info not found
--------------------------------------------------------------------------------
[Jan 06, 2022, 11:22:14.0 AM:ERROR:creative_new_tab_page_ads_database_table.cc(523)] Failed to get creative new tab page ad
[Jan 06, 2022, 11:55:03.6 AM:ERROR:creative_new_tab_page_ads_database_table.cc(523)] Failed to get creative new tab page ad
[Jan 06, 2022, 12:00:15.1 PM:ERROR:publisher.cc(774)] Publisher info not found
[Jan 06, 2022, 12:06:13.3 PM:ERROR:publisher.cc(774)] Publisher info not found
[Jan 06, 2022, 12:06:13.3 PM:ERROR:publisher.cc(774)] Publisher info not found
[Jan 06, 2022, 1:02:35.9 PM:ERROR:publisher.cc(774)] Publisher info not found
[Jan 06, 2022, 1:02:35.9 PM:ERROR:publisher.cc(774)] Publisher info not found
[Jan 06, 2022, 1:06:19.3 PM:ERROR:publisher.cc(774)] Publisher info not found
[Jan 06, 2022, 1:06:19.3 PM:ERROR:publisher.cc(774)] Publisher info not found
--------------------------------------------------------------------------------
[Jan 06, 2022, 1:57:05.8 PM:ERROR:creative_new_tab_page_ads_database_table.cc(523)] Failed to get creative new tab page ad
[Jan 06, 2022, 2:12:04.8 PM:ERROR:publisher.cc(774)] Publisher info not found
[Jan 06, 2022, 2:48:21.7 PM:ERROR:publisher.cc(845)] Failed to retrieve publisher info while updating media duration
[Jan 06, 2022, 2:48:21.7 PM:ERROR:publisher.cc(774)] Publisher info not found
[Jan 06, 2022, 2:48:21.7 PM:ERROR:publisher.cc(774)] Publisher info not found
[Jan 06, 2022, 2:52:51.4 PM:ERROR:publisher.cc(774)] Publisher info not found
[Jan 06, 2022, 2:52:51.4 PM:ERROR:publisher.cc(774)] Publisher info not found
[Jan 06, 2022, 3:10:28.1 PM:ERROR:creative_new_tab_page_ads_database_table.cc(523)] Failed to get creative new tab page ad
[Jan 06, 2022, 3:11:58.9 PM:ERROR:publisher.cc(774)] Publisher info not found
[Jan 06, 2022, 3:11:58.9 PM:ERROR:publisher.cc(774)] Publisher info not found
--------------------------------------------------------------------------------
[Jan 06, 2022, 3:45:30.5 PM:ERROR:publisher.cc(774)] Publisher info not found
[Jan 06, 2022, 3:45:30.5 PM:ERROR:publisher.cc(774)] Publisher info not found
--------------------------------------------------------------------------------
[Jan 06, 2022, 5:40:47.2 PM:ERROR:creative_new_tab_page_ads_database_table.cc(523)] Failed to get creative new tab page ad
[Jan 06, 2022, 5:46:31.6 PM:ERROR:publisher.cc(774)] Publisher info not found
[Jan 06, 2022, 5:46:31.6 PM:ERROR:publisher.cc(774)] Publisher info not found
--------------------------------------------------------------------------------
[07 sty 2022, 11:55:54,3 AM:ERROR:ad_rewards.cc(67)] Failed to reconcile ad rewards due to invalid wallet
[07 sty 2022, 11:55:54,3 AM:ERROR:redeem_unblinded_payment_tokens.cc(55)] Failed to redeem unblinded payment tokens due to invalid wallet
--------------------------------------------------------------------------------
[07 sty 2022, 1:49:22,7 PM:ERROR:publisher.cc(774)] Publisher info not found
[07 sty 2022, 1:49:22,7 PM:ERROR:publisher.cc(774)] Publisher info not found
--------------------------------------------------------------------------------
[07 Jan 2022, 5:51:17.5 pm:ERROR:publisher.cc(774)] Publisher info not found
[07 Jan 2022, 5:51:17.5 pm:ERROR:publisher.cc(774)] Publisher info not found
[07 Jan 2022, 6:07:37.1 pm:ERROR:publisher.cc(774)] Publisher info not found
--------------------------------------------------------------------------------
[14 Jan 2022, 5:51:36.0 pm:ERROR:publisher.cc(774)] Publisher info not found
[14 Jan 2022, 5:51:36.0 pm:ERROR:publisher.cc(774)] Publisher info not found
[14 Jan 2022, 5:54:13.4 pm:ERROR:publisher.cc(774)] Publisher info not found
[14 Jan 2022, 5:54:13.4 pm:ERROR:publisher.cc(774)] Publisher info not found
--------------------------------------------------------------------------------
[15 Jan 2022, 4:57:09.7 pm:ERROR:publisher.cc(774)] Publisher info not found
[15 Jan 2022, 4:57:09.7 pm:ERROR:publisher.cc(774)] Publisher info not found
[15 Jan 2022, 4:57:14.8 pm:ERROR:publisher.cc(774)] Publisher info not found
[15 Jan 2022, 4:57:14.8 pm:ERROR:publisher.cc(774)] Publisher info not found
[15 Jan 2022, 5:07:24.4 pm:ERROR:publisher.cc(774)] Publisher info not found
[15 Jan 2022, 5:07:24.4 pm:ERROR:publisher.cc(774)] Publisher info not found
[15 Jan 2022, 5:36:10.3 pm:ERROR:publisher.cc(774)] Publisher info not found
[15 Jan 2022, 5:36:10.3 pm:ERROR:publisher.cc(774)] Publisher info not found
[15 Jan 2022, 5:37:12.7 pm:ERROR:publisher.cc(774)] Publisher info not found
[15 Jan 2022, 5:37:12.7 pm:ERROR:publisher.cc(774)] Publisher info not found
[15 Jan 2022, 5:46:38.5 pm:ERROR:publisher.cc(774)] Publisher info not found
--------------------------------------------------------------------------------
[10 Feb 2022, 2:30:42.9 pm:ERROR:logging_util.cc(105)] Network error (net::ERR_NAME_NOT_RESOLVED)
[10 Feb 2022, 2:30:42.9 pm:ERROR:get_parameters.cc(53)] Unexpected HTTP status: -1
[10 Feb 2022, 2:30:45.9 pm:ERROR:logging_util.cc(105)] Network error (net::ERR_NAME_NOT_RESOLVED)
[10 Feb 2022, 2:30:45.9 pm:ERROR:get_available.cc(69)] Unexpected HTTP status: -1
[10 Feb 2022, 2:30:45.9 pm:ERROR:logging_util.cc(105)] Network error (net::ERR_NAME_NOT_RESOLVED)
[10 Feb 2022, 2:30:45.9 pm:ERROR:get_prefix_list.cc(33)] Unexpected HTTP status: -1
[10 Feb 2022, 2:30:45.9 pm:ERROR:get_prefix_list.cc(58)] Invalid server response for publisher prefix list
[10 Feb 2022, 2:30:45.9 pm:ERROR:publisher_prefix_list_updater.cc(77)] Invalid server response for publisher prefix list
[10 Feb 2022, 2:30:58.1 pm:ERROR:logging_util.cc(105)] Network error (net::ERR_NAME_NOT_RESOLVED)
[10 Feb 2022, 2:30:58.1 pm:ERROR:get_available.cc(69)] Unexpected HTTP status: -1
[10 Feb 2022, 2:31:31.5 pm:ERROR:logging_util.cc(105)] Network error (net::ERR_NAME_NOT_RESOLVED)
[10 Feb 2022, 2:31:31.5 pm:ERROR:get_publisher.cc(173)] Unexpected HTTP status: -1
[10 Feb 2022, 2:34:47.9 pm:ERROR:logging_util.cc(105)] Network error (net::ERR_INTERNET_DISCONNECTED)
[10 Feb 2022, 2:34:47.9 pm:ERROR:get_prefix_list.cc(33)] Unexpected HTTP status: -1
[10 Feb 2022, 2:34:47.9 pm:ERROR:get_prefix_list.cc(58)] Invalid server response for publisher prefix list
[10 Feb 2022, 2:34:47.9 pm:ERROR:publisher_prefix_list_updater.cc(77)] Invalid server response for publisher prefix list
[10 Feb 2022, 2:41:57.8 pm:ERROR:logging_util.cc(105)] Network error (net::ERR_INTERNET_DISCONNECTED)
[10 Feb 2022, 2:41:57.8 pm:ERROR:get_available.cc(69)] Unexpected HTTP status: -1
[10 Feb 2022, 2:48:58.2 pm:ERROR:logging_util.cc(105)] Network error (net::ERR_TIMED_OUT)
[10 Feb 2022, 2:48:58.2 pm:ERROR:get_parameters.cc(53)] Unexpected HTTP status: -1
[10 Feb 2022, 2:53:00.6 pm:ERROR:logging_util.cc(105)] Network error (net::ERR_NAME_NOT_RESOLVED)
[10 Feb 2022, 2:53:00.6 pm:ERROR:get_parameters.cc(53)] Unexpected HTTP status: -1
[10 Feb 2022, 2:53:36.9 pm:ERROR:logging_util.cc(105)] Network error (net::ERR_INTERNET_DISCONNECTED)
[10 Feb 2022, 2:53:36.9 pm:ERROR:get_prefix_list.cc(33)] Unexpected HTTP status: -1
[10 Feb 2022, 2:53:36.9 pm:ERROR:get_prefix_list.cc(58)] Invalid server response for publisher prefix list
[10 Feb 2022, 2:53:36.9 pm:ERROR:publisher_prefix_list_updater.cc(77)] Invalid server response for publisher prefix list
[10 Feb 2022, 2:54:21.5 pm:ERROR:refill_unblinded_tokens.cc(229)] Response is missing publicKey
--------------------------------------------------------------------------------
[10 Feb 2022, 4:00:57.6 pm:ERROR:refill_unblinded_tokens.cc(229)] Response is missing publicKey
[10 Feb 2022, 4:03:13.2 pm:ERROR:refill_unblinded_tokens.cc(229)] Response is missing publicKey
[10 Feb 2022, 4:04:42.1 pm:ERROR:refill_unblinded_tokens.cc(229)] Response is missing publicKey
[10 Feb 2022, 4:08:26.1 pm:ERROR:refill_unblinded_tokens.cc(229)] Response is missing publicKey
[10 Feb 2022, 4:10:37.6 pm:ERROR:refill_unblinded_tokens.cc(229)] Response is missing publicKey
[10 Feb 2022, 4:14:28.2 pm:ERROR:refill_unblinded_tokens.cc(229)] Response is missing publicKey
[10 Feb 2022, 4:14:34.4 pm:ERROR:refill_unblinded_tokens.cc(229)] Response is missing publicKey
[10 Feb 2022, 4:16:37.1 pm:ERROR:publisher.cc(774)] Publisher info not found
[10 Feb 2022, 4:16:37.1 pm:ERROR:publisher.cc(774)] Publisher info not found
[10 Feb 2022, 4:17:48.4 pm:ERROR:refill_unblinded_tokens.cc(229)] Response is missing publicKey
[10 Feb 2022, 4:18:37.2 pm:ERROR:publisher.cc(774)] Publisher info not found
[10 Feb 2022, 4:18:37.2 pm:ERROR:publisher.cc(774)] Publisher info not found
[10 Feb 2022, 4:19:37.3 pm:ERROR:refill_unblinded_tokens.cc(229)] Response is missing publicKey
[10 Feb 2022, 4:20:15.2 pm:ERROR:publisher.cc(774)] Publisher info not found
[10 Feb 2022, 4:20:15.2 pm:ERROR:publisher.cc(774)] Publisher info not found
[10 Feb 2022, 4:21:36.2 pm:ERROR:refill_unblinded_tokens.cc(229)] Response is missing publicKey
[10 Feb 2022, 4:28:46.2 pm:ERROR:refill_unblinded_tokens.cc(229)] Response is missing publicKey
[10 Feb 2022, 4:30:10.9 pm:ERROR:refill_unblinded_tokens.cc(229)] Response is missing publicKey
[10 Feb 2022, 4:36:22.4 pm:ERROR:refill_unblinded_tokens.cc(229)] Response is missing publicKey
[10 Feb 2022, 4:37:43.8 pm:ERROR:refill_unblinded_tokens.cc(229)] Response is missing publicKey
[10 Feb 2022, 4:41:05.8 pm:ERROR:refill_unblinded_tokens.cc(229)] Response is missing publicKey
[10 Feb 2022, 4:45:32.8 pm:ERROR:refill_unblinded_tokens.cc(229)] Response is missing publicKey
[10 Feb 2022, 4:47:56.3 pm:ERROR:refill_unblinded_tokens.cc(229)] Response is missing publicKey
[10 Feb 2022, 4:48:24.4 pm:ERROR:refill_unblinded_tokens.cc(229)] Response is missing publicKey
[10 Feb 2022, 4:50:58.9 pm:ERROR:refill_unblinded_tokens.cc(229)] Response is missing publicKey
[10 Feb 2022, 4:51:00.9 pm:ERROR:refill_unblinded_tokens.cc(229)] Response is missing publicKey
[10 Feb 2022, 4:51:49.4 pm:ERROR:refill_unblinded_tokens.cc(229)] Response is missing publicKey
[10 Feb 2022, 4:58:43.4 pm:ERROR:refill_unblinded_tokens.cc(229)] Response is missing publicKey
[10 Feb 2022, 5:06:25.2 pm:ERROR:refill_unblinded_tokens.cc(229)] Response is missing publicKey
[10 Feb 2022, 5:15:54.2 pm:ERROR:refill_unblinded_tokens.cc(229)] Response is missing publicKey
[10 Feb 2022, 5:16:51.4 pm:ERROR:refill_unblinded_tokens.cc(229)] Response is missing publicKey
[10 Feb 2022, 5:17:54.6 pm:ERROR:refill_unblinded_tokens.cc(229)] Response is missing publicKey
--------------------------------------------------------------------------------
[13 Feb 2022, 6:23:07.8 pm:ERROR:publisher.cc(774)] Publisher info not found
[13 Feb 2022, 6:32:11.4 pm:ERROR:publisher.cc(774)] Publisher info not found
[13 Feb 2022, 6:32:11.4 pm:ERROR:publisher.cc(774)] Publisher info not found
[13 Feb 2022, 6:35:28.1 pm:ERROR:publisher.cc(774)] Publisher info not found
--------------------------------------------------------------------------------
[13 Feb 2022, 9:41:39.8 pm:ERROR:publisher.cc(774)] Publisher info not found
--------------------------------------------------------------------------------
[03 Mar 2022, 10:40:52.6 pm:ERROR:publisher.cc(774)] Publisher info not found
--------------------------------------------------------------------------------
[12 Mar 2022, 8:47:34.7 pm:ERROR:put_captcha.cc(55)] Invalid solution
[12 Mar 2022, 8:47:34.7 pm:ERROR:attestation_desktop.cc(154)] Failed to confirm attestation
[12 Mar 2022, 8:47:34.7 pm:ERROR:promotion.cc(366)] Attestation failed CAPTCHA_FAILED
--------------------------------------------------------------------------------
[26 Mar 2022, 5:00:46.1 pm:ERROR:refill_unblinded_tokens.cc(194)] Failed to get signed tokens
[26 Mar 2022, 5:20:04.3 pm:ERROR:creative_new_tab_page_ads_database_table.cc(580)] Failed to get creative new tab page ad
[26 Mar 2022, 5:20:45.9 pm:ERROR:publisher.cc(774)] Publisher info not found
[26 Mar 2022, 5:24:38.7 pm:ERROR:publisher.cc(774)] Publisher info not found
[26 Mar 2022, 5:24:38.7 pm:ERROR:publisher.cc(774)] Publisher info not found
[26 Mar 2022, 6:36:27.8 pm:ERROR:publisher.cc(774)] Publisher info not found
