2023-06-03 07:00:29 Loading main app package /usr/lib/obsidian/obsidian.asar
2023-06-03 07:00:29 Checking for update using Github
2023-06-03 07:00:29 Success.
2023-06-03 07:00:29 Latest version is 1.3.5
2023-06-03 07:00:29 App is up to date.
2023-06-03 07:01:27 Loading main app package /usr/lib/obsidian/obsidian.asar
2023-06-03 07:01:27 Checking for update using Github
2023-06-03 07:01:27 Success.
2023-06-03 07:01:27 Latest version is 1.3.5
2023-06-03 07:01:27 App is up to date.
2023-06-03 11:43:30 Loading main app package /usr/lib/obsidian/obsidian.asar
2023-06-03 11:43:30 Checking for update using Github
2023-06-03 11:43:30 Success.
2023-06-03 11:43:30 Latest version is 1.3.5
2023-06-03 11:43:30 App is up to date.
2023-06-24 12:49:09 Loading main app package /usr/lib/obsidian/obsidian.asar
2023-06-24 12:49:10 Checking for update using Github
2023-06-24 12:49:10 Success.
2023-06-24 12:49:10 Latest version is 1.3.5
2023-06-24 12:49:10 App is up to date.
2023-07-15 06:47:06 Loading main app package /usr/lib/obsidian/obsidian.asar
2023-07-15 06:47:06 Checking for update using Github
2023-07-15 06:47:07 Success.
2023-07-15 06:47:07 Latest version is 1.3.5
2023-07-15 06:47:07 App is up to date.
2023-07-15 08:09:56 Checking for update using Github
2023-07-15 08:09:57 Success.
2023-07-15 08:09:57 Latest version is 1.3.5
2023-07-15 08:09:57 App is up to date.
2023-07-15 12:04:38 Checking for update using Github
2023-07-15 12:04:39 Success.
2023-07-15 12:04:39 Latest version is 1.3.5
2023-07-15 12:04:39 App is up to date.
2023-07-15 16:30:07 Checking for update using Github
2023-07-15 16:30:08 Success.
2023-07-15 16:30:08 Latest version is 1.3.5
2023-07-15 16:30:08 App is up to date.
2023-07-15 17:30:08 Checking for update using Github
2023-07-15 17:30:08 Success.
2023-07-15 17:30:08 Latest version is 1.3.5
2023-07-15 17:30:08 App is up to date.
2023-07-15 19:25:20 Checking for update using Github
2023-07-15 19:25:20 Success.
2023-07-15 19:25:20 Latest version is 1.3.5
2023-07-15 19:25:20 App is up to date.
2023-07-22 05:48:11 Loading main app package /usr/lib/obsidian/obsidian.asar
2023-07-22 05:48:11 Checking for update using Github
2023-07-22 05:48:11 Success.
2023-07-22 05:48:11 Latest version is 1.3.5
2023-07-22 05:48:11 App is up to date.
2023-07-22 06:48:11 Checking for update using Github
2023-07-22 06:48:11 Success.
2023-07-22 06:48:11 Latest version is 1.3.5
2023-07-22 06:48:11 App is up to date.
2023-07-22 12:19:51 Checking for update using Github
2023-07-22 12:19:51 Success.
2023-07-22 12:19:51 Latest version is 1.3.5
2023-07-22 12:19:51 App is up to date.
2023-07-22 16:38:56 Checking for update using Github
2023-07-22 16:38:56 Success.
2023-07-22 16:38:56 Latest version is 1.3.5
2023-07-22 16:38:56 App is up to date.
2023-07-22 17:38:57 Checking for update using Github
2023-07-22 17:38:57 Success.
2023-07-22 17:38:57 Latest version is 1.3.5
2023-07-22 17:38:57 App is up to date.
2023-07-22 19:45:01 Checking for update using Github
2023-07-22 19:45:01 Success.
2023-07-22 19:45:01 Latest version is 1.3.5
2023-07-22 19:45:01 App is up to date.
2023-07-23 07:30:05 Loading main app package /usr/lib/obsidian/obsidian.asar
2023-07-23 07:30:05 Checking for update using Github
2023-07-23 07:30:05 Success.
2023-07-23 07:30:05 Latest version is 1.3.5
2023-07-23 07:30:05 App is up to date.
2023-07-23 08:30:05 Checking for update using Github
2023-07-23 08:30:06 Success.
2023-07-23 08:30:06 Latest version is 1.3.5
2023-07-23 08:30:06 App is up to date.
2023-07-29 12:37:36 Loading main app package /usr/lib/obsidian/obsidian.asar
2023-07-29 12:37:36 Checking for update using Github
2023-07-29 12:37:36 Success.
2023-07-29 12:37:36 Latest version is 1.3.5
2023-07-29 12:37:36 App is up to date.
2023-07-29 13:37:36 Checking for update using Github
2023-07-29 13:37:37 Success.
2023-07-29 13:37:37 Latest version is 1.3.5
2023-07-29 13:37:37 App is up to date.
2023-07-29 17:02:05 Checking for update using Github
2023-07-29 17:02:05 Success.
2023-07-29 17:02:05 Latest version is 1.3.5
2023-07-29 17:02:05 App is up to date.
2023-08-12 06:17:08 Loading main app package /usr/lib/obsidian/obsidian.asar
2023-08-12 06:17:08 Checking for update using Github
2023-08-12 06:17:09 Success.
2023-08-12 06:17:09 Latest version is 1.3.7
2023-08-12 06:17:09 App is up to date.
2023-08-12 07:17:08 Checking for update using Github
2023-08-12 07:17:08 Success.
2023-08-12 07:17:08 Latest version is 1.3.7
2023-08-12 07:17:08 App is up to date.
2023-08-12 08:13:37 Loading main app package /usr/lib/obsidian/obsidian.asar
2023-08-12 08:13:37 Checking for update using Github
2023-08-12 08:13:37 Success.
2023-08-12 08:13:37 Latest version is 1.3.7
2023-08-12 08:13:37 App is up to date.
2023-08-12 11:29:47 Loading main app package /usr/lib/obsidian/obsidian.asar
2023-08-12 11:29:48 Checking for update using Github
2023-08-12 11:29:48 Success.
2023-08-12 11:29:48 Latest version is 1.3.7
2023-08-12 11:29:48 App is up to date.
2023-08-12 12:29:47 Checking for update using Github
2023-08-12 12:29:47 Success.
2023-08-12 12:29:47 Latest version is 1.3.7
2023-08-12 12:29:47 App is up to date.
2023-08-12 16:56:22 Checking for update using Github
2023-08-12 16:56:22 Success.
2023-08-12 16:56:22 Latest version is 1.3.7
2023-08-12 16:56:22 App is up to date.
2023-08-12 17:56:22 Checking for update using Github
2023-08-12 17:56:22 Success.
2023-08-12 17:56:22 Latest version is 1.3.7
2023-08-12 17:56:22 App is up to date.
2023-08-12 19:32:05 Checking for update using Github
2023-08-12 19:32:05 Success.
2023-08-12 19:32:05 Latest version is 1.3.7
2023-08-12 19:32:05 App is up to date.
2023-08-13 13:24:23 Loading main app package /usr/lib/obsidian/obsidian.asar
2023-08-13 13:24:23 Checking for update using Github
2023-08-13 13:24:23 Success.
2023-08-13 13:24:23 Latest version is 1.3.7
2023-08-13 13:24:23 App is up to date.
2023-08-26 11:58:28 Loading main app package /usr/lib/obsidian/obsidian.asar
2023-08-26 11:58:28 Checking for update using Github
2023-08-26 11:58:29 Success.
2023-08-26 11:58:29 Latest version is 1.3.7
2023-08-26 11:58:29 App is up to date.
2023-08-26 18:37:29 Loading main app package /usr/lib/obsidian/obsidian.asar
2023-08-26 18:37:29 Checking for update using Github
2023-08-26 18:37:30 Success.
2023-08-26 18:37:30 Latest version is 1.3.7
2023-08-26 18:37:30 App is up to date.
2023-08-27 12:06:11 Loading main app package /usr/lib/obsidian/obsidian.asar
2023-08-27 12:06:12 Checking for update using Github
2023-08-27 12:06:12 Success.
2023-08-27 12:06:12 Latest version is 1.3.7
2023-08-27 12:06:12 App is up to date.
2023-08-27 13:06:12 Checking for update using Github
2023-08-27 13:06:12 Success.
2023-08-27 13:06:12 Latest version is 1.3.7
2023-08-27 13:06:12 App is up to date.
2023-08-27 14:06:12 Checking for update using Github
2023-08-27 14:06:12 Success.
2023-08-27 14:06:12 Latest version is 1.3.7
2023-08-27 14:06:12 App is up to date.
2023-08-27 15:49:30 Checking for update using Github
2023-08-27 15:49:30 Success.
2023-08-27 15:49:30 Latest version is 1.3.7
2023-08-27 15:49:30 App is up to date.
2023-08-27 16:49:30 Checking for update using Github
2023-08-27 16:49:30 Success.
2023-08-27 16:49:30 Latest version is 1.3.7
2023-08-27 16:49:30 App is up to date.
2023-09-16 17:56:53 Loading main app package /usr/lib/obsidian/obsidian.asar
2023-09-16 17:56:53 Checking for update using Github
2023-09-16 17:56:54 Success.
2023-09-16 17:56:54 Latest version is 1.4.13
2023-09-16 17:56:54 App is up to date.
2023-09-17 13:02:39 Loading main app package /usr/lib/obsidian/obsidian.asar
2023-09-17 13:02:39 Checking for update using Github
2023-09-17 13:02:39 Success.
2023-09-17 13:02:39 Latest version is 1.4.13
2023-09-17 13:02:39 App is up to date.
2023-09-17 14:56:10 Checking for update using Github
2023-11-18 21:15:40 Loading main app package /usr/lib/obsidian/obsidian.asar
2023-11-18 21:15:40 Checking for update using Github
2023-11-18 21:15:40 Success.
2023-11-18 21:15:40 Latest version is 1.4.16
2023-11-18 21:15:40 App is up to date.
2023-11-18 21:17:35 Loading main app package /usr/lib/obsidian/obsidian.asar
2023-11-18 21:17:35 Checking for update using Github
2023-11-18 21:17:35 Success.
2023-11-18 21:17:35 Latest version is 1.4.16
2023-11-18 21:17:35 App is up to date.
